C51 COMPILER V8.06   BAOJING                                                               09/16/2013 18:52:28 PAGE 1   


C51 COMPILER V8.06, COMPILATION OF MODULE BAOJING
OBJECT MODULE PLACED IN baojing.OBJ
COMPILER INVOKED BY: C:\Keil\C51\BIN\C51.EXE baojing.c BROWSE DEBUG OBJECTEXTEND

line level    source

   1          
   2          /**********************BST-V51实验开发板例程************************
   3          
   4          *  平台：BST-V51 + Keil U3 + STC89C52
   5          *  名称：实时采集当前环境温度值，并显示于数码管上。
   6                            同时，当温度高于某一值时（此处设为31摄氏度），蜂鸣器便会发出报警。
   7                            而当低于该值时，蜂鸣器自动停止报警。
   8                            试验时，可用手触摸DS18B20，使其温度升高到31度，观察现象。
   9          *  公司：深圳市亚博软件开发有限公司
  10          *  淘宝：bstmcu.taobao.com       
  11          *  日期：2012-8-14
  12          *  晶振:11.0592MHZ
  13          *  说明：免费开源，不提供源代码分析.
  14          
  15          ******************************************************************/
  16          
  17          #include <reg52.h>
  18          #define uchar unsigned char
  19          #define uint unsigned int
  20          sbit DS=P2^2;           //define interface
  21          uint temp;             // variable of temperature
  22          uchar flag1;            // sign of the result positive or negative
  23          sbit dula=P2^6;
  24          sbit wela=P2^7;
  25          sbit beep=P2^3;
  26          unsigned char code table[]={0x3f,0x06,0x5b,0x4f,0x66,0x6d,0x7d,
  27                                  0x07,0x7f,0x6f,0x77,0x7c,0x39,0x5e,0x79,0x71};
  28          unsigned char code table1[]={0xbf,0x86,0xdb,0xcf,0xe6,0xed,0xfd,
  29                                  0x87,0xff,0xef};
  30          
  31          void delay(uint count)      //delay
  32          {
  33   1        uint i;
  34   1        while(count)
  35   1        {
  36   2          i=200;
  37   2          while(i>0)
  38   2          i--;
  39   2          count--;
  40   2        }
  41   1      }
  42          void dsreset(void)       //send reset and initialization command
  43          {
  44   1        uint i;
  45   1        DS=0;
  46   1        i=103;
  47   1        while(i>0)i--;
  48   1        DS=1;
  49   1        i=4;
  50   1        while(i>0)i--;
  51   1      }
  52          
  53          bit tmpreadbit(void)       //read a bit
  54          {
  55   1         uint i;
C51 COMPILER V8.06   BAOJING                                                               09/16/2013 18:52:28 PAGE 2   

  56   1         bit dat;
  57   1         DS=0;i++;          //i++ for delay
  58   1         DS=1;i++;i++;
  59   1         dat=DS;
  60   1         i=8;while(i>0)i--;
  61   1         return (dat);
  62   1      }
  63          
  64          uchar tmpread(void)   //read a byte date
  65          {
  66   1        uchar i,j,dat;
  67   1        dat=0;
  68   1        for(i=1;i<=8;i++)
  69   1        {
  70   2          j=tmpreadbit();
  71   2          dat=(j<<7)|(dat>>1);   //读出的数据最低位在最前面，这样刚好一个字节在DAT里
  72   2        }
  73   1        return(dat);
  74   1      }
  75          
  76          void tmpwritebyte(uchar dat)   //write a byte to ds18b20
  77          {
  78   1        uint i;
  79   1        uchar j;
  80   1        bit testb;
  81   1        for(j=1;j<=8;j++)
  82   1        {
  83   2          testb=dat&0x01;
  84   2          dat=dat>>1;
  85   2          if(testb)     //write 1
  86   2          {
  87   3            DS=0;
  88   3            i++;i++;
  89   3            DS=1;
  90   3            i=8;while(i>0)i--;
  91   3          }
  92   2          else
  93   2          {
  94   3            DS=0;       //write 0
  95   3            i=8;while(i>0)i--;
  96   3            DS=1;
  97   3            i++;i++;
  98   3          }
  99   2      
 100   2        }
 101   1      }
 102          
 103          void tmpchange(void)  //DS18B20 begin change
 104          {
 105   1        dsreset();
 106   1        delay(1);
 107   1        tmpwritebyte(0xcc);  // address all drivers on bus
 108   1        tmpwritebyte(0x44);  //  initiates a single temperature conversion
 109   1      }
 110          
 111          uint tmp()               //get the temperature
 112          {
 113   1        float tt;
 114   1        uchar a,b;
 115   1        dsreset();
 116   1        delay(1);
 117   1        tmpwritebyte(0xcc);
C51 COMPILER V8.06   BAOJING                                                               09/16/2013 18:52:28 PAGE 3   

 118   1        tmpwritebyte(0xbe);
 119   1        a=tmpread();
 120   1        b=tmpread();
 121   1        temp=b;
 122   1        temp<<=8;             //two byte  compose a int variable
 123   1        temp=temp|a;
 124   1        tt=temp*0.0625;
 125   1        temp=tt*10+0.5;
 126   1        return temp;
 127   1      }
 128          
 129          void display(uint temp)                 //显示程序
 130          {
 131   1         uchar A1,A2,A2t,A3;
 132   1         A1=temp/100;
 133   1         A2t=temp%100;
 134   1         A2=A2t/10;
 135   1         A3=A2t%10;
 136   1         dula=0;
 137   1         P0=table[A1];                //显示百位
 138   1         dula=1;
 139   1         dula=0;
 140   1      
 141   1         wela=0;
 142   1         P0=0xfe;
 143   1         wela=1;
 144   1         wela=0;
 145   1         delay(1);
 146   1      
 147   1         dula=0;
 148   1         P0=table1[A2];               //显示十位
 149   1         dula=1;
 150   1         dula=0;
 151   1      
 152   1         wela=0;
 153   1         P0=0xfd;
 154   1         wela=1;
 155   1         wela=0;
 156   1         delay(1);
 157   1      
 158   1         P0=table[A3];                //显示个位
 159   1         dula=1;
 160   1         dula=0;
 161   1      
 162   1         P0=0xfb;
 163   1         wela=1;
 164   1         wela=0;
 165   1         delay(1);
 166   1      }
 167          
 168          
 169          void main()
 170          {
 171   1       uchar a;
 172   1        do
 173   1        {
 174   2          tmpchange();
 175   2              for(a=10;a>0;a--)
 176   2              {   
 177   3                      display(tmp());
 178   3              }
 179   2              if(temp>=310)    //当温度超过31度（仅作试验用，实际可设为其他更高的值），蜂鸣器便会报警。
C51 COMPILER V8.06   BAOJING                                                               09/16/2013 18:52:28 PAGE 4   

 180   2                      {
 181   3                              P1=0x00;
 182   3                              beep=0;
 183   3                      }
 184   2                      else
 185   2                      {
 186   3                              beep=1;
 187   3                              P1=0xff;
 188   3                      }
 189   2        } while(1);
 190   1      }


MODULE INFORMATION:   STATIC OVERLAYABLE
   CODE SIZE        =    476    ----
   CONSTANT SIZE    =     26    ----
   XDATA SIZE       =   ----    ----
   PDATA SIZE       =   ----    ----
   DATA SIZE        =      3       6
   IDATA SIZE       =   ----    ----
   BIT SIZE         =   ----       2
END OF MODULE INFORMATION.


C51 COMPILATION COMPLETE.  0 WARNING(S),  0 ERROR(S)
