C51 COMPILER V8.06   1602_WENDU                                                            09/16/2013 18:34:26 PAGE 1   


C51 COMPILER V8.06, COMPILATION OF MODULE 1602_WENDU
OBJECT MODULE PLACED IN 1602-wendu.OBJ
COMPILER INVOKED BY: C:\Keil\C51\BIN\C51.EXE 1602-wendu.c BROWSE DEBUG OBJECTEXTEND

line level    source

   1          /**********************BST-V51实验开发板例程************************
   2          
   3          *  平台：BST-V51 + Keil U3 + STC89C52
   4          *  名称：18B20实时温度计1602显示
   5          *  公司：深圳市亚博软件开发有限公司
   6          *  淘宝：bstmcu.taobao.com       
   7          *  日期：2012-8-14
   8          *  晶振:11.0592MHZ
   9          *  说明：免费开源，不提供源代码分析.
  10          
  11          ******************************************************************/
  12          
  13          
  14          #include <reg52.H>
  15          #include <intrins.H>
  16          #include <math.H>
  17          
  18          #define uchar unsigned char
  19            #define uint unsigned int
  20           sbit dula = P2^6;
  21           sbit wela = P2^7;
  22           sbit rw = P1^1; 
  23           sbit RS = P1^0;  
  24            
  25           sbit LCDEN = P2^5; 
  26          
  27          void delayUs()
  28          {
  29   1          _nop_();
  30   1      }
  31          
  32           void delayMs(uint a)
  33          {
  34   1          uint i, j;
  35   1          for(i = a; i > 0; i--)
  36   1              for(j = 100; j > 0; j--);
  37   1       }
  38          
  39          
  40          void writeComm(uchar comm)
  41          {
  42   1           RS = 0;    
  43   1          P0 = comm;
  44   1          LCDEN = 1;
  45   1           delayUs();
  46   1          LCDEN = 0;
  47   1          delayMs(1);
  48   1      }
  49          
  50          //写数据:RS=1, RW=0;
  51          void writeData(uchar dat)
  52          {
  53   1           RS = 1;
  54   1           P0 = dat;
  55   1           LCDEN = 1;
C51 COMPILER V8.06   1602_WENDU                                                            09/16/2013 18:34:26 PAGE 2   

  56   1          delayUs();
  57   1          LCDEN = 0;
  58   1          delayMs(1);
  59   1       }
  60          
  61          
  62           void init()
  63           {
  64   1           rw = 0; 
  65   1           dula = wela = 0;
  66   1          writeComm(0x38);
  67   1         writeComm(0x0c); 
  68   1          writeComm(0x06);
  69   1          writeComm(0x01); 
  70   1      }
  71          
  72          void writeString(uchar * str, uchar length)
  73          {
  74   1           uchar i;
  75   1          for(i = 0; i < length; i++)
  76   1          {
  77   2               writeData(str[i]);
  78   2           }
  79   1       }
  80           
  81          /**//*****************************DS18B20*******************************/
  82           sbit ds = P2^2;
  83          void dsInit()
  84           {
  85   1          
  86   1          unsigned int i;  
  87   1          ds = 0;
  88   1          i = 100;  
  89   1           while(i>0) i--;
  90   1          ds = 1;   
  91   1          i = 4;
  92   1           while(i>0) i--;
  93   1       }
  94           
  95          void dsWait()
  96           {
  97   1            unsigned int i;
  98   1            while(ds);  
  99   1            while(~ds);
 100   1            i = 4;
 101   1            while(i > 0) i--;
 102   1      }
 103          
 104          
 105          bit readBit()
 106          {
 107   1          unsigned int i;
 108   1          bit b;
 109   1          ds = 0;
 110   1          i++;   
 111   1          ds = 1; 
 112   1         i++; i++;  
 113   1          b = ds;
 114   1          i = 8; 
 115   1          while(i>0) i--;
 116   1          return b;
 117   1      }
C51 COMPILER V8.06   1602_WENDU                                                            09/16/2013 18:34:26 PAGE 3   

 118          
 119          unsigned char readByte()
 120          {
 121   1          unsigned int i;
 122   1          unsigned char j, dat;
 123   1         dat = 0;
 124   1          for(i=0; i<8; i++)
 125   1          {
 126   2              j = readBit();
 127   2            
 128   2              dat = (j << 7) | (dat >> 1);
 129   2          }
 130   1          return dat;
 131   1      }
 132          
 133          
 134          void writeByte(unsigned char dat)
 135          {
 136   1          unsigned int i;
 137   1          unsigned char j;
 138   1          bit b;
 139   1          for(j = 0; j < 8; j++)
 140   1          {
 141   2              b = dat & 0x01;
 142   2              dat >>= 1;
 143   2          
 144   2              if(b)   
 145   2              {
 146   3                 ds = 0;          i++; i++;  
 147   3                  ds = 1;    
 148   3                  i = 8; while(i>0) i--;  
 149   3              }
 150   2              else  
 151   2              {
 152   3                  ds = 0;
 153   3                i = 8; while(i>0) i--;  
 154   3                  ds = 1;
 155   3                 i++; i++;
 156   3              }
 157   2         }
 158   1      }
 159          
 160          
 161          void sendChangeCmd()
 162          {
 163   1          dsInit();    
 164   1          dsWait();   
 165   1          delayMs(1);    
 166   1          writeByte(0xcc);
 167   1          writeByte(0x44);
 168   1      }
 169          
 170          void sendReadCmd()
 171          {
 172   1          dsInit();
 173   1          dsWait();
 174   1          delayMs(1);
 175   1          writeByte(0xcc); 
 176   1          writeByte(0xbe); 
 177   1      }
 178          
 179          
C51 COMPILER V8.06   1602_WENDU                                                            09/16/2013 18:34:26 PAGE 4   

 180          int getTmpValue()
 181          {
 182   1          unsigned int tmpvalue;
 183   1          int value; 
 184   1          float t;
 185   1          unsigned char low, high;
 186   1          sendReadCmd();
 187   1          
 188   1          low = readByte(); 
 189   1          high = readByte();
 190   1         
 191   1          tmpvalue = high;
 192   1          tmpvalue <<= 8;
 193   1          tmpvalue |= low;
 194   1          value = tmpvalue;
 195   1          
 196   1        \
 197   1          t = value * 0.0625;
 198   1          \
 199   1          value = t * 100 + (value > 0 ? 0.5 : -0.5); //大于0加0.5, 小于0减0.5
 200   1          return value;
 201   1      }
 202          
 203          void display(int v) 
 204          {
 205   1          unsigned char count;
 206   1          unsigned char datas[] = {0, 0, 0, 0, 0};
 207   1          unsigned int tmp = abs(v);
 208   1          datas[0] = tmp / 10000;
 209   1          datas[1] = tmp % 10000 / 1000;
 210   1          datas[2] = tmp % 1000 / 100;
 211   1          datas[3] = tmp % 100 / 10;
 212   1          datas[4] = tmp % 10;
 213   1          writeComm(0xc0+3);
 214   1          if(v < 0)
 215   1          {
 216   2              writeString("- ", 2);
 217   2         }
 218   1          else
 219   1          {
 220   2             writeString("+ ", 2);
 221   2          }
 222   1          if(datas[0] != 0)
 223   1          {
 224   2              writeData('0'+datas[0]);
 225   2          }
 226   1          for(count = 1; count != 5; count++)
 227   1          {
 228   2              writeData('0'+datas[count]);
 229   2              if(count == 2)
 230   2              {
 231   3                  writeData('.');
 232   3              }
 233   2          }
 234   1      }
 235          /**//*****************************DS18B20*******************************/
 236          
 237          void main()
 238          {
 239   1          uchar table[] = "  xianzaiwendu: ";
 240   1          sendChangeCmd();
 241   1          init();
C51 COMPILER V8.06   1602_WENDU                                                            09/16/2013 18:34:26 PAGE 5   

 242   1          writeComm(0x80);
 243   1          writeString(table, 16);
 244   1          while(1)
 245   1          {
 246   2              delayMs(1000); //温度转换时间需要750ms以上
 247   2              writeComm(0xc0);
 248   2              display(getTmpValue());
 249   2              sendChangeCmd();
 250   2          }
 251   1      }


MODULE INFORMATION:   STATIC OVERLAYABLE
   CODE SIZE        =    726    ----
   CONSTANT SIZE    =     28    ----
   XDATA SIZE       =   ----    ----
   PDATA SIZE       =   ----    ----
   DATA SIZE        =   ----      35
   IDATA SIZE       =   ----    ----
   BIT SIZE         =   ----       2
END OF MODULE INFORMATION.


C51 COMPILATION COMPLETE.  0 WARNING(S),  0 ERROR(S)
